d:\vs projects\lab 1\lab 1\debug\lab 1.pch
d:\vs projects\lab 1\lab 1\debug\vc141.pdb
d:\vs projects\lab 1\lab 1\debug\vc141.idb
d:\vs projects\lab 1\lab 1\debug\stdafx.obj
d:\vs projects\lab 1\lab 1\debug\lab 1.obj
d:\vs projects\lab 1\debug\lab 1.ilk
d:\vs projects\lab 1\debug\lab 1.exe
d:\vs projects\lab 1\debug\lab 1.pdb
c:\users\maxim\desktop\c++\lab 1\lab 1\debug\lab 1.obj
c:\users\maxim\desktop\c++\lab 1\lab 1\debug\stdafx.obj
c:\users\maxim\desktop\c++\lab 1\lab 1\debug\lab 1.pch
c:\users\maxim\desktop\c++\lab 1\lab 1\debug\vc141.idb
c:\users\maxim\desktop\c++\lab 1\lab 1\debug\vc141.pdb
c:\users\maxim\desktop\c++\lab 1\debug\lab 1.pdb
c:\users\maxim\desktop\c++\lab 1\debug\lab 1.exe
c:\users\maxim\desktop\c++\lab 1\debug\lab 1.ilk
c:\users\maxim\desktop\c++\lab 1\lab 1\debug\lab 1.tlog\cl.command.1.tlog
c:\users\maxim\desktop\c++\lab 1\lab 1\debug\lab 1.tlog\cl.read.1.tlog
c:\users\maxim\desktop\c++\lab 1\lab 1\debug\lab 1.tlog\cl.write.1.tlog
c:\users\maxim\desktop\c++\lab 1\lab 1\debug\lab 1.tlog\link.command.1.tlog
c:\users\maxim\desktop\c++\lab 1\lab 1\debug\lab 1.tlog\link.read.1.tlog
c:\users\maxim\desktop\c++\lab 1\lab 1\debug\lab 1.tlog\link.write.1.tlog
